2024-11-19T11:08:07.267+01:00  INFO 7024 --- [trust-framework-administration-authority] [restartedMain] eu.xfsc.train.tspa.TspaApplication       : Starting TspaApplication using Java 21.0.4 with PID 7024 (C:\Regi-TRUST\Phase2\tfm\target\classes started by vargas in C:\Regi-TRUST)
2024-11-19T11:08:07.280+01:00 DEBUG 7024 --- [trust-framework-administration-authority] [restartedMain] eu.xfsc.train.tspa.TspaApplication       : Running with Spring Boot v3.2.2, Spring v6.1.3
2024-11-19T11:08:07.282+01:00  INFO 7024 --- [trust-framework-administration-authority] [restartedMain] eu.xfsc.train.tspa.TspaApplication       : No active profile set, falling back to 1 default profile: "default"
2024-11-19T11:08:07.409+01:00  INFO 7024 --- [trust-framework-administration-authority] [restartedMain] .e.DevToolsPropertyDefaultsPostProcessor : Devtools property defaults active! Set 'spring.devtools.add-properties' to 'false' to disable
2024-11-19T11:08:07.411+01:00  INFO 7024 --- [trust-framework-administration-authority] [restartedMain] .e.DevToolsPropertyDefaultsPostProcessor : For additional web related logging consider setting the 'logging.level.web' property to 'DEBUG'
2024-11-19T11:08:09.813+01:00  INFO 7024 --- [trust-framework-administration-authority] [restartedMain] .s.d.r.c.RepositoryConfigurationDelegate : Bootstrapping Spring Data MongoDB repositories in DEFAULT mode.
2024-11-19T11:08:09.935+01:00  INFO 7024 --- [trust-framework-administration-authority] [restartedMain] .s.d.r.c.RepositoryConfigurationDelegate : Finished Spring Data repository scanning in 116 ms. Found 1 MongoDB repository interface.
2024-11-19T11:08:11.289+01:00  INFO 7024 --- [trust-framework-administration-authority] [restartedMain] o.s.b.w.embedded.tomcat.TomcatWebServer  : Tomcat initialized with port 16003 (http)
2024-11-19T11:08:11.322+01:00  INFO 7024 --- [trust-framework-administration-authority] [restartedMain] o.apache.catalina.core.StandardService   : Starting service [Tomcat]
2024-11-19T11:08:11.323+01:00  INFO 7024 --- [trust-framework-administration-authority] [restartedMain] o.apache.catalina.core.StandardEngine    : Starting Servlet engine: [Apache Tomcat/10.1.16]
2024-11-19T11:08:11.477+01:00  INFO 7024 --- [trust-framework-administration-authority] [restartedMain] o.a.c.c.C.[Tomcat].[localhost].[/]       : Initializing Spring embedded WebApplicationContext
2024-11-19T11:08:11.480+01:00  INFO 7024 --- [trust-framework-administration-authority] [restartedMain] w.s.c.ServletWebServerApplicationContext : Root WebApplicationContext: initialization completed in 4065 ms
2024-11-19T11:08:13.574+01:00  INFO 7024 --- [trust-framework-administration-authority] [restartedMain] org.mongodb.driver.client                : MongoClient with metadata {"driver": {"name": "mongo-java-driver|sync|spring-boot", "version": "4.11.1"}, "os": {"type": "Windows", "name": "Windows 10", "architecture": "amd64", "version": "10.0"}, "platform": "Java/Oracle Corporation/21.0.4+8-LTS-274"} created with settings MongoClientSettings{readPreference=primary, writeConcern=WriteConcern{w=null, wTimeout=null ms, journal=null}, retryWrites=true, retryReads=true, readConcern=ReadConcern{level=null}, credential=null, transportSettings=null, streamFactoryFactory=null, commandListeners=[io.micrometer.core.instrument.binder.mongodb.MongoMetricsCommandListener@5d65a062], codecRegistry=ProvidersCodecRegistry{codecProviders=[ValueCodecProvider{}, BsonValueCodecProvider{}, DBRefCodecProvider{}, DBObjectCodecProvider{}, DocumentCodecProvider{}, CollectionCodecProvider{}, IterableCodecProvider{}, MapCodecProvider{}, GeoJsonCodecProvider{}, GridFSFileCodecProvider{}, Jsr310CodecProvider{}, JsonObjectCodecProvider{}, BsonCodecProvider{}, EnumCodecProvider{}, com.mongodb.client.model.mql.ExpressionCodecProvider@43aa1824, com.mongodb.Jep395RecordCodecProvider@5c44daa2, com.mongodb.KotlinCodecProvider@29aa05e2]}, loggerSettings=LoggerSettings{maxDocumentLength=1000}, clusterSettings={hosts=[localhost:26003], srvServiceName=mongodb, mode=SINGLE, requiredClusterType=UNKNOWN, requiredReplicaSetName='null', serverSelector='null', clusterListeners='[]', serverSelectionTimeout='30000 ms', localThreshold='15 ms'}, socketSettings=SocketSettings{connectTimeoutMS=10000, readTimeoutMS=0, receiveBufferSize=0, proxySettings=ProxySettings{host=null, port=null, username=null, password=null}}, heartbeatSocketSettings=SocketSettings{connectTimeoutMS=10000, readTimeoutMS=10000, receiveBufferSize=0, proxySettings=ProxySettings{host=null, port=null, username=null, password=null}}, connectionPoolSettings=ConnectionPoolSettings{maxSize=100, minSize=0, maxWaitTimeMS=120000, maxConnectionLifeTimeMS=0, maxConnectionIdleTimeMS=0, maintenanceInitialDelayMS=0, maintenanceFrequencyMS=60000, connectionPoolListeners=[io.micrometer.core.instrument.binder.mongodb.MongoMetricsConnectionPoolListener@59bcc605], maxConnecting=2}, serverSettings=ServerSettings{heartbeatFrequencyMS=10000, minHeartbeatFrequencyMS=500, serverListeners='[]', serverMonitorListeners='[]'}, sslSettings=SslSettings{enabled=false, invalidHostNameAllowed=false, context=null}, applicationName='null', compressorList=[], uuidRepresentation=JAVA_LEGACY, serverApi=null, autoEncryptionSettings=null, dnsClient=null, inetAddressResolver=null, contextProvider=null}
2024-11-19T11:08:13.658+01:00  INFO 7024 --- [trust-framework-administration-authority] [cluster-ClusterId{value='673c638d0657ab5ee2a1738b', description='null'}-localhost:26003] org.mongodb.driver.cluster               : Monitor thread successfully connected to server with description ServerDescription{address=localhost:26003, type=STANDALONE, state=CONNECTED, ok=true, minWireVersion=0, maxWireVersion=21, maxDocumentSize=16777216, logicalSessionTimeoutMinutes=30, roundTripTimeNanos=64053200}
2024-11-19T11:08:13.972+01:00  INFO 7024 --- [trust-framework-administration-authority] [restartedMain] o.s.b.d.a.OptionalLiveReloadServer       : LiveReload server is running on port 35729
2024-11-19T11:08:15.028+01:00  INFO 7024 --- [trust-framework-administration-authority] [restartedMain] o.s.b.a.e.web.EndpointLinksResolver      : Exposing 14 endpoint(s) beneath base path '/actuator'
2024-11-19T11:08:15.115+01:00 DEBUG 7024 --- [trust-framework-administration-authority] [restartedMain] e.xfsc.train.tspa.config.SecurityConfig  : reached here
2024-11-19T11:08:15.182+01:00  INFO 7024 --- [trust-framework-administration-authority] [restartedMain] o.s.s.web.DefaultSecurityFilterChain     : Will secure any request with [org.springframework.security.web.session.DisableEncodeUrlFilter@4fc06645, org.springframework.security.web.context.request.async.WebAsyncManagerIntegrationFilter@686e09bc, org.springframework.security.web.context.SecurityContextHolderFilter@45111348, org.springframework.security.web.header.HeaderWriterFilter@407c0edd, org.springframework.web.filter.CorsFilter@2d37a71c, org.springframework.security.web.authentication.logout.LogoutFilter@79470fb9, org.springframework.security.oauth2.server.resource.web.authentication.BearerTokenAuthenticationFilter@44603f82, org.springframework.security.web.savedrequest.RequestCacheAwareFilter@7c162484, org.springframework.security.web.servletapi.SecurityContextHolderAwareRequestFilter@ff97261, org.springframework.security.web.authentication.AnonymousAuthenticationFilter@3c98a6be, org.springframework.security.web.session.SessionManagementFilter@20499d9c, org.springframework.security.web.access.ExceptionTranslationFilter@5bc9775b, org.springframework.security.web.access.intercept.AuthorizationFilter@71d6eae6]
2024-11-19T11:08:16.177+01:00  INFO 7024 --- [trust-framework-administration-authority] [restartedMain] o.s.b.w.embedded.tomcat.TomcatWebServer  : Tomcat started on port 16003 (http) with context path ''
2024-11-19T11:08:16.195+01:00  INFO 7024 --- [trust-framework-administration-authority] [restartedMain] e.x.t.t.w.WellKnownConfiguration         : ---------------------------------- Well-Known VC is genrating ----------------------------
2024-11-19T11:08:16.215+01:00  INFO 7024 --- [trust-framework-administration-authority] [restartedMain] e.x.t.t.w.WellKnownConfiguration         : Issuer : did:web:essif.iao.fraunhofer.de
2024-11-19T11:08:16.220+01:00  INFO 7024 --- [trust-framework-administration-authority] [restartedMain] e.x.t.t.w.WellKnownConfiguration         : Credential subject ID : did:web:essif.iao.fraunhofer.de 
2024-11-19T11:08:16.221+01:00  INFO 7024 --- [trust-framework-administration-authority] [restartedMain] e.x.t.t.w.WellKnownConfiguration         : Credential subject Origin :https://essif.iao.fraunhofer.de
2024-11-19T11:08:16.221+01:00  INFO 7024 --- [trust-framework-administration-authority] [restartedMain] e.x.t.t.w.WellKnownConfiguration         : Issue Date of well-known : 2024-11-19T11:08:16+01:00
2024-11-19T11:08:16.222+01:00 DEBUG 7024 --- [trust-framework-administration-authority] [restartedMain] e.x.t.t.w.WellKnownConfiguration         : wkvmethod did:web:essif.iao.fraunhofer.de#owner
2024-11-19T11:08:17.665+01:00  INFO 7024 --- [trust-framework-administration-authority] [restartedMain] eu.xfsc.train.tspa.utils.VCUtil          : Creating / Overwriting file in '/tmp/train-tspa/well-known/' with 'did-configuration.json'
2024-11-19T11:08:17.670+01:00  INFO 7024 --- [trust-framework-administration-authority] [restartedMain] eu.xfsc.train.tspa.TspaApplication       : Started TspaApplication in 10.996 seconds (process running for 12.545)
2024-11-19T11:09:11.363+01:00  INFO 7024 --- [trust-framework-administration-authority] [http-nio-16003-exec-1] o.a.c.c.C.[Tomcat].[localhost].[/]       : Initializing Spring DispatcherServlet 'dispatcherServlet'
2024-11-19T11:09:11.365+01:00  INFO 7024 --- [trust-framework-administration-authority] [http-nio-16003-exec-1] o.s.web.servlet.DispatcherServlet        : Initializing Servlet 'dispatcherServlet'
2024-11-19T11:09:11.367+01:00  INFO 7024 --- [trust-framework-administration-authority] [http-nio-16003-exec-1] o.s.web.servlet.DispatcherServlet        : Completed initialization in 2 ms
2024-11-19T11:09:11.447+01:00 DEBUG 7024 --- [trust-framework-administration-authority] [http-nio-16003-exec-1] e.x.t.t.c.TrustListPublicationController : debug--------------- GET SIMPLIFIED TRUSTLIST ---------------
2024-11-19T11:09:11.449+01:00 DEBUG 7024 --- [trust-framework-administration-authority] [http-nio-16003-exec-1] e.x.t.t.c.TrustListPublicationController : Requested framework name: tf1, version: null
2024-11-19T11:09:33.939+01:00  INFO 7024 --- [trust-framework-administration-authority] [http-nio-16003-exec-3] .x.t.t.s.TrustListPublicationServiceImpl : New XML trust list is created in local store  and DB. Framework name: tf1
2024-11-19T11:09:37.747+01:00 DEBUG 7024 --- [trust-framework-administration-authority] [http-nio-16003-exec-4] e.x.t.t.c.TrustListPublicationController : --------------- GET TRUSTLIST VERSIONS ---------------
2024-11-19T11:09:41.402+01:00 DEBUG 7024 --- [trust-framework-administration-authority] [http-nio-16003-exec-5] e.x.t.t.c.TrustListPublicationController : debug--------------- GET TRUSTLIST (XML) ---------------
2024-11-19T11:09:41.403+01:00 DEBUG 7024 --- [trust-framework-administration-authority] [http-nio-16003-exec-5] e.x.t.t.c.TrustListPublicationController : Requested framework name: tf1, version: null
2024-11-19T11:09:41.404+01:00 DEBUG 7024 --- [trust-framework-administration-authority] [http-nio-16003-exec-5] .x.t.t.s.TrustListPublicationServiceImpl : Stored Type: INTERNAL
2024-11-19T11:09:41.404+01:00 DEBUG 7024 --- [trust-framework-administration-authority] [http-nio-16003-exec-5] .x.t.t.s.TrustListPublicationServiceImpl : Local store; Configuration.
2024-11-19T11:09:41.412+01:00  INFO 7024 --- [trust-framework-administration-authority] [http-nio-16003-exec-5] eu.xfsc.train.tspa.utils.TSPAUtil        : Found file, it exists!
2024-11-19T11:09:41.415+01:00  INFO 7024 --- [trust-framework-administration-authority] [http-nio-16003-exec-5] .x.t.t.s.TrustListPublicationServiceImpl : Local store; fetching trustlist tf1 from /tmp/train-tspa/store/trust-lists/
2024-11-19T11:09:48.561+01:00 DEBUG 7024 --- [trust-framework-administration-authority] [http-nio-16003-exec-6] e.x.t.t.c.TrustListPublicationController : debug--------------- GET TRUSTLIST (XML) ---------------
2024-11-19T11:09:48.562+01:00 DEBUG 7024 --- [trust-framework-administration-authority] [http-nio-16003-exec-6] e.x.t.t.c.TrustListPublicationController : Requested framework name: tf1, version: null
2024-11-19T11:09:48.563+01:00 DEBUG 7024 --- [trust-framework-administration-authority] [http-nio-16003-exec-6] .x.t.t.s.TrustListPublicationServiceImpl : Stored Type: INTERNAL
2024-11-19T11:09:48.564+01:00 DEBUG 7024 --- [trust-framework-administration-authority] [http-nio-16003-exec-6] .x.t.t.s.TrustListPublicationServiceImpl : Local store; Configuration.
2024-11-19T11:09:48.565+01:00  INFO 7024 --- [trust-framework-administration-authority] [http-nio-16003-exec-6] eu.xfsc.train.tspa.utils.TSPAUtil        : Found file, it exists!
2024-11-19T11:09:48.565+01:00  INFO 7024 --- [trust-framework-administration-authority] [http-nio-16003-exec-6] .x.t.t.s.TrustListPublicationServiceImpl : Local store; fetching trustlist tf1 from /tmp/train-tspa/store/trust-lists/
2024-11-19T11:10:09.054+01:00 DEBUG 7024 --- [trust-framework-administration-authority] [http-nio-16003-exec-8] e.x.t.t.c.TrustListPublicationController : debug--------------- GET TRUSTLIST (XML) ---------------
2024-11-19T11:10:09.055+01:00 DEBUG 7024 --- [trust-framework-administration-authority] [http-nio-16003-exec-8] e.x.t.t.c.TrustListPublicationController : Requested framework name: tf1, version: null
2024-11-19T11:10:09.056+01:00 DEBUG 7024 --- [trust-framework-administration-authority] [http-nio-16003-exec-8] .x.t.t.s.TrustListPublicationServiceImpl : Stored Type: INTERNAL
2024-11-19T11:10:09.057+01:00 DEBUG 7024 --- [trust-framework-administration-authority] [http-nio-16003-exec-8] .x.t.t.s.TrustListPublicationServiceImpl : Local store; Configuration.
2024-11-19T11:10:09.057+01:00  INFO 7024 --- [trust-framework-administration-authority] [http-nio-16003-exec-8] eu.xfsc.train.tspa.utils.TSPAUtil        : Found file, it exists!
2024-11-19T11:10:09.058+01:00  INFO 7024 --- [trust-framework-administration-authority] [http-nio-16003-exec-8] .x.t.t.s.TrustListPublicationServiceImpl : Local store; fetching trustlist tf1 from /tmp/train-tspa/store/trust-lists/
2024-11-19T11:10:24.735+01:00 DEBUG 7024 --- [trust-framework-administration-authority] [http-nio-16003-exec-7] e.x.t.t.c.TrustListPublicationController : debug--------------- GET SIMPLIFIED TRUSTLIST ---------------
2024-11-19T11:10:24.737+01:00 DEBUG 7024 --- [trust-framework-administration-authority] [http-nio-16003-exec-7] e.x.t.t.c.TrustListPublicationController : Requested framework name: tf1, version: null
2024-11-19T11:11:06.893+01:00  INFO 7024 --- [trust-framework-administration-authority] [http-nio-16003-exec-9] .x.t.t.s.TrustListPublicationServiceImpl : New XML trust list is created in local store  and DB. Framework name: tf1
2024-11-19T11:11:13.263+01:00 DEBUG 7024 --- [trust-framework-administration-authority] [http-nio-16003-exec-10] e.x.t.t.c.TrustListPublicationController : --------------- GET SPECIFIC TSP ---------------
2024-11-19T11:11:13.264+01:00 DEBUG 7024 --- [trust-framework-administration-authority] [http-nio-16003-exec-10] e.x.t.t.c.TrustListPublicationController : Requested framework name: tf1, TSP ID: 1, version: 2
2024-11-19T11:11:19.274+01:00 DEBUG 7024 --- [trust-framework-administration-authority] [http-nio-16003-exec-2] e.x.t.t.c.TrustListPublicationController : --------------- GET SPECIFIC TSP ---------------
2024-11-19T11:11:19.275+01:00 DEBUG 7024 --- [trust-framework-administration-authority] [http-nio-16003-exec-2] e.x.t.t.c.TrustListPublicationController : Requested framework name: tf1, TSP ID: 1, version: 1
2024-11-19T11:11:30.143+01:00 DEBUG 7024 --- [trust-framework-administration-authority] [http-nio-16003-exec-1] e.x.t.t.c.TrustListPublicationController : --------------- GET SPECIFIC TSP ---------------
2024-11-19T11:11:30.144+01:00 DEBUG 7024 --- [trust-framework-administration-authority] [http-nio-16003-exec-1] e.x.t.t.c.TrustListPublicationController : Requested framework name: tf1, TSP ID: 1, version: null
2024-11-19T11:14:43.954+01:00  INFO 7024 --- [trust-framework-administration-authority] [File Watcher] rtingClassPathChangeChangedEventListener : Restarting due to 1 class path change (0 additions, 0 deletions, 1 modification)
2024-11-19T11:14:44.186+01:00  INFO 7024 --- [trust-framework-administration-authority] [restartedMain] eu.xfsc.train.tspa.TspaApplication       : Starting TspaApplication using Java 21.0.4 with PID 7024 (C:\Regi-TRUST\Phase2\tfm\target\classes started by vargas in C:\Regi-TRUST)
2024-11-19T11:14:44.188+01:00 DEBUG 7024 --- [trust-framework-administration-authority] [restartedMain] eu.xfsc.train.tspa.TspaApplication       : Running with Spring Boot v3.2.2, Spring v6.1.3
2024-11-19T11:14:44.189+01:00  INFO 7024 --- [trust-framework-administration-authority] [restartedMain] eu.xfsc.train.tspa.TspaApplication       : No active profile set, falling back to 1 default profile: "default"
2024-11-19T11:14:45.018+01:00  INFO 7024 --- [trust-framework-administration-authority] [restartedMain] .s.d.r.c.RepositoryConfigurationDelegate : Bootstrapping Spring Data MongoDB repositories in DEFAULT mode.
2024-11-19T11:14:45.047+01:00  INFO 7024 --- [trust-framework-administration-authority] [restartedMain] .s.d.r.c.RepositoryConfigurationDelegate : Finished Spring Data repository scanning in 27 ms. Found 1 MongoDB repository interface.
2024-11-19T11:14:45.258+01:00  INFO 7024 --- [trust-framework-administration-authority] [restartedMain] o.s.b.w.embedded.tomcat.TomcatWebServer  : Tomcat initialized with port 16003 (http)
2024-11-19T11:14:45.260+01:00  INFO 7024 --- [trust-framework-administration-authority] [restartedMain] o.apache.catalina.core.StandardService   : Starting service [Tomcat]
2024-11-19T11:14:45.261+01:00  INFO 7024 --- [trust-framework-administration-authority] [restartedMain] o.apache.catalina.core.StandardEngine    : Starting Servlet engine: [Apache Tomcat/10.1.16]
2024-11-19T11:14:45.317+01:00  INFO 7024 --- [trust-framework-administration-authority] [restartedMain] o.a.c.c.C.[Tomcat].[localhost].[/]       : Initializing Spring embedded WebApplicationContext
2024-11-19T11:14:45.318+01:00  INFO 7024 --- [trust-framework-administration-authority] [restartedMain] w.s.c.ServletWebServerApplicationContext : Root WebApplicationContext: initialization completed in 1124 ms
2024-11-19T11:14:45.538+01:00  INFO 7024 --- [trust-framework-administration-authority] [restartedMain] org.mongodb.driver.client                : MongoClient with metadata {"driver": {"name": "mongo-java-driver|sync|spring-boot", "version": "4.11.1"}, "os": {"type": "Windows", "name": "Windows 10", "architecture": "amd64", "version": "10.0"}, "platform": "Java/Oracle Corporation/21.0.4+8-LTS-274"} created with settings MongoClientSettings{readPreference=primary, writeConcern=WriteConcern{w=null, wTimeout=null ms, journal=null}, retryWrites=true, retryReads=true, readConcern=ReadConcern{level=null}, credential=null, transportSettings=null, streamFactoryFactory=null, commandListeners=[io.micrometer.core.instrument.binder.mongodb.MongoMetricsCommandListener@7bb1b991], codecRegistry=ProvidersCodecRegistry{codecProviders=[ValueCodecProvider{}, BsonValueCodecProvider{}, DBRefCodecProvider{}, DBObjectCodecProvider{}, DocumentCodecProvider{}, CollectionCodecProvider{}, IterableCodecProvider{}, MapCodecProvider{}, GeoJsonCodecProvider{}, GridFSFileCodecProvider{}, Jsr310CodecProvider{}, JsonObjectCodecProvider{}, BsonCodecProvider{}, EnumCodecProvider{}, com.mongodb.client.model.mql.ExpressionCodecProvider@43aa1824, com.mongodb.Jep395RecordCodecProvider@5c44daa2, com.mongodb.KotlinCodecProvider@29aa05e2]}, loggerSettings=LoggerSettings{maxDocumentLength=1000}, clusterSettings={hosts=[localhost:26003], srvServiceName=mongodb, mode=SINGLE, requiredClusterType=UNKNOWN, requiredReplicaSetName='null', serverSelector='null', clusterListeners='[]', serverSelectionTimeout='30000 ms', localThreshold='15 ms'}, socketSettings=SocketSettings{connectTimeoutMS=10000, readTimeoutMS=0, receiveBufferSize=0, proxySettings=ProxySettings{host=null, port=null, username=null, password=null}}, heartbeatSocketSettings=SocketSettings{connectTimeoutMS=10000, readTimeoutMS=10000, receiveBufferSize=0, proxySettings=ProxySettings{host=null, port=null, username=null, password=null}}, connectionPoolSettings=ConnectionPoolSettings{maxSize=100, minSize=0, maxWaitTimeMS=120000, maxConnectionLifeTimeMS=0, maxConnectionIdleTimeMS=0, maintenanceInitialDelayMS=0, maintenanceFrequencyMS=60000, connectionPoolListeners=[io.micrometer.core.instrument.binder.mongodb.MongoMetricsConnectionPoolListener@2a0ecd44], maxConnecting=2}, serverSettings=ServerSettings{heartbeatFrequencyMS=10000, minHeartbeatFrequencyMS=500, serverListeners='[]', serverMonitorListeners='[]'}, sslSettings=SslSettings{enabled=false, invalidHostNameAllowed=false, context=null}, applicationName='null', compressorList=[], uuidRepresentation=JAVA_LEGACY, serverApi=null, autoEncryptionSettings=null, dnsClient=null, inetAddressResolver=null, contextProvider=null}
2024-11-19T11:14:45.543+01:00  INFO 7024 --- [trust-framework-administration-authority] [cluster-ClusterId{value='673c65150657ab5ee2a17390', description='null'}-localhost:26003] org.mongodb.driver.cluster               : Monitor thread successfully connected to server with description ServerDescription{address=localhost:26003, type=STANDALONE, state=CONNECTED, ok=true, minWireVersion=0, maxWireVersion=21, maxDocumentSize=16777216, logicalSessionTimeoutMinutes=30, roundTripTimeNanos=3625800}
2024-11-19T11:14:45.563+01:00  INFO 7024 --- [trust-framework-administration-authority] [restartedMain] o.s.b.d.a.OptionalLiveReloadServer       : LiveReload server is running on port 35729
2024-11-19T11:14:45.687+01:00  INFO 7024 --- [trust-framework-administration-authority] [restartedMain] o.s.b.a.e.web.EndpointLinksResolver      : Exposing 14 endpoint(s) beneath base path '/actuator'
2024-11-19T11:14:45.703+01:00 DEBUG 7024 --- [trust-framework-administration-authority] [restartedMain] e.xfsc.train.tspa.config.SecurityConfig  : reached here
2024-11-19T11:14:45.711+01:00  INFO 7024 --- [trust-framework-administration-authority] [restartedMain] o.s.s.web.DefaultSecurityFilterChain     : Will secure any request with [org.springframework.security.web.session.DisableEncodeUrlFilter@7582506f, org.springframework.security.web.context.request.async.WebAsyncManagerIntegrationFilter@67381c85, org.springframework.security.web.context.SecurityContextHolderFilter@449c0831, org.springframework.security.web.header.HeaderWriterFilter@57fc4282, org.springframework.web.filter.CorsFilter@2d5eaf6, org.springframework.security.web.authentication.logout.LogoutFilter@43c58886, org.springframework.security.oauth2.server.resource.web.authentication.BearerTokenAuthenticationFilter@1a6c6a1c, org.springframework.security.web.savedrequest.RequestCacheAwareFilter@962f806, org.springframework.security.web.servletapi.SecurityContextHolderAwareRequestFilter@3cbf43fa, org.springframework.security.web.authentication.AnonymousAuthenticationFilter@7b904c3a, org.springframework.security.web.session.SessionManagementFilter@67f785f8, org.springframework.security.web.access.ExceptionTranslationFilter@c28237f, org.springframework.security.web.access.intercept.AuthorizationFilter@1b1fd2f6]
2024-11-19T11:14:45.878+01:00  INFO 7024 --- [trust-framework-administration-authority] [restartedMain] o.s.b.w.embedded.tomcat.TomcatWebServer  : Tomcat started on port 16003 (http) with context path ''
2024-11-19T11:14:45.885+01:00  INFO 7024 --- [trust-framework-administration-authority] [restartedMain] e.x.t.t.w.WellKnownConfiguration         : ---------------------------------- Well-Known VC is genrating ----------------------------
2024-11-19T11:14:45.888+01:00  INFO 7024 --- [trust-framework-administration-authority] [restartedMain] e.x.t.t.w.WellKnownConfiguration         : Issuer : did:web:essif.iao.fraunhofer.de
2024-11-19T11:14:45.889+01:00  INFO 7024 --- [trust-framework-administration-authority] [restartedMain] e.x.t.t.w.WellKnownConfiguration         : Credential subject ID : did:web:essif.iao.fraunhofer.de 
2024-11-19T11:14:45.890+01:00  INFO 7024 --- [trust-framework-administration-authority] [restartedMain] e.x.t.t.w.WellKnownConfiguration         : Credential subject Origin :https://essif.iao.fraunhofer.de
2024-11-19T11:14:45.890+01:00  INFO 7024 --- [trust-framework-administration-authority] [restartedMain] e.x.t.t.w.WellKnownConfiguration         : Issue Date of well-known : 2024-11-19T11:14:45+01:00
2024-11-19T11:14:45.891+01:00 DEBUG 7024 --- [trust-framework-administration-authority] [restartedMain] e.x.t.t.w.WellKnownConfiguration         : wkvmethod did:web:essif.iao.fraunhofer.de#owner
2024-11-19T11:14:45.914+01:00  INFO 7024 --- [trust-framework-administration-authority] [restartedMain] eu.xfsc.train.tspa.utils.VCUtil          : Creating / Overwriting file in '/tmp/train-tspa/well-known/' with 'did-configuration.json'
2024-11-19T11:14:45.916+01:00  INFO 7024 --- [trust-framework-administration-authority] [restartedMain] eu.xfsc.train.tspa.TspaApplication       : Started TspaApplication in 1.839 seconds (process running for 400.791)
2024-11-19T11:14:45.921+01:00  INFO 7024 --- [trust-framework-administration-authority] [restartedMain] .ConditionEvaluationDeltaLoggingListener : Condition evaluation unchanged
2024-11-19T11:16:12.478+01:00  INFO 7024 --- [trust-framework-administration-authority] [File Watcher] rtingClassPathChangeChangedEventListener : Restarting due to 1 class path change (0 additions, 0 deletions, 1 modification)
2024-11-19T11:16:12.666+01:00  INFO 7024 --- [trust-framework-administration-authority] [restartedMain] eu.xfsc.train.tspa.TspaApplication       : Starting TspaApplication using Java 21.0.4 with PID 7024 (C:\Regi-TRUST\Phase2\tfm\target\classes started by vargas in C:\Regi-TRUST)
2024-11-19T11:16:12.668+01:00 DEBUG 7024 --- [trust-framework-administration-authority] [restartedMain] eu.xfsc.train.tspa.TspaApplication       : Running with Spring Boot v3.2.2, Spring v6.1.3
2024-11-19T11:16:12.669+01:00  INFO 7024 --- [trust-framework-administration-authority] [restartedMain] eu.xfsc.train.tspa.TspaApplication       : No active profile set, falling back to 1 default profile: "default"
2024-11-19T11:16:13.148+01:00  INFO 7024 --- [trust-framework-administration-authority] [restartedMain] .s.d.r.c.RepositoryConfigurationDelegate : Bootstrapping Spring Data MongoDB repositories in DEFAULT mode.
2024-11-19T11:16:13.169+01:00  INFO 7024 --- [trust-framework-administration-authority] [restartedMain] .s.d.r.c.RepositoryConfigurationDelegate : Finished Spring Data repository scanning in 19 ms. Found 1 MongoDB repository interface.
2024-11-19T11:16:13.306+01:00  INFO 7024 --- [trust-framework-administration-authority] [restartedMain] o.s.b.w.embedded.tomcat.TomcatWebServer  : Tomcat initialized with port 16003 (http)
2024-11-19T11:16:13.307+01:00  INFO 7024 --- [trust-framework-administration-authority] [restartedMain] o.apache.catalina.core.StandardService   : Starting service [Tomcat]
2024-11-19T11:16:13.308+01:00  INFO 7024 --- [trust-framework-administration-authority] [restartedMain] o.apache.catalina.core.StandardEngine    : Starting Servlet engine: [Apache Tomcat/10.1.16]
2024-11-19T11:16:13.365+01:00  INFO 7024 --- [trust-framework-administration-authority] [restartedMain] o.a.c.c.C.[Tomcat].[localhost].[/]       : Initializing Spring embedded WebApplicationContext
2024-11-19T11:16:13.367+01:00  INFO 7024 --- [trust-framework-administration-authority] [restartedMain] w.s.c.ServletWebServerApplicationContext : Root WebApplicationContext: initialization completed in 692 ms
2024-11-19T11:16:13.604+01:00  INFO 7024 --- [trust-framework-administration-authority] [restartedMain] org.mongodb.driver.client                : MongoClient with metadata {"driver": {"name": "mongo-java-driver|sync|spring-boot", "version": "4.11.1"}, "os": {"type": "Windows", "name": "Windows 10", "architecture": "amd64", "version": "10.0"}, "platform": "Java/Oracle Corporation/21.0.4+8-LTS-274"} created with settings MongoClientSettings{readPreference=primary, writeConcern=WriteConcern{w=null, wTimeout=null ms, journal=null}, retryWrites=true, retryReads=true, readConcern=ReadConcern{level=null}, credential=null, transportSettings=null, streamFactoryFactory=null, commandListeners=[io.micrometer.core.instrument.binder.mongodb.MongoMetricsCommandListener@4d816cfe], codecRegistry=ProvidersCodecRegistry{codecProviders=[ValueCodecProvider{}, BsonValueCodecProvider{}, DBRefCodecProvider{}, DBObjectCodecProvider{}, DocumentCodecProvider{}, CollectionCodecProvider{}, IterableCodecProvider{}, MapCodecProvider{}, GeoJsonCodecProvider{}, GridFSFileCodecProvider{}, Jsr310CodecProvider{}, JsonObjectCodecProvider{}, BsonCodecProvider{}, EnumCodecProvider{}, com.mongodb.client.model.mql.ExpressionCodecProvider@43aa1824, com.mongodb.Jep395RecordCodecProvider@5c44daa2, com.mongodb.KotlinCodecProvider@29aa05e2]}, loggerSettings=LoggerSettings{maxDocumentLength=1000}, clusterSettings={hosts=[localhost:26003], srvServiceName=mongodb, mode=SINGLE, requiredClusterType=UNKNOWN, requiredReplicaSetName='null', serverSelector='null', clusterListeners='[]', serverSelectionTimeout='30000 ms', localThreshold='15 ms'}, socketSettings=SocketSettings{connectTimeoutMS=10000, readTimeoutMS=0, receiveBufferSize=0, proxySettings=ProxySettings{host=null, port=null, username=null, password=null}}, heartbeatSocketSettings=SocketSettings{connectTimeoutMS=10000, readTimeoutMS=10000, receiveBufferSize=0, proxySettings=ProxySettings{host=null, port=null, username=null, password=null}}, connectionPoolSettings=ConnectionPoolSettings{maxSize=100, minSize=0, maxWaitTimeMS=120000, maxConnectionLifeTimeMS=0, maxConnectionIdleTimeMS=0, maintenanceInitialDelayMS=0, maintenanceFrequencyMS=60000, connectionPoolListeners=[io.micrometer.core.instrument.binder.mongodb.MongoMetricsConnectionPoolListener@38c54646], maxConnecting=2}, serverSettings=ServerSettings{heartbeatFrequencyMS=10000, minHeartbeatFrequencyMS=500, serverListeners='[]', serverMonitorListeners='[]'}, sslSettings=SslSettings{enabled=false, invalidHostNameAllowed=false, context=null}, applicationName='null', compressorList=[], uuidRepresentation=JAVA_LEGACY, serverApi=null, autoEncryptionSettings=null, dnsClient=null, inetAddressResolver=null, contextProvider=null}
2024-11-19T11:16:13.610+01:00  INFO 7024 --- [trust-framework-administration-authority] [cluster-ClusterId{value='673c656d0657ab5ee2a17391', description='null'}-localhost:26003] org.mongodb.driver.cluster               : Monitor thread successfully connected to server with description ServerDescription{address=localhost:26003, type=STANDALONE, state=CONNECTED, ok=true, minWireVersion=0, maxWireVersion=21, maxDocumentSize=16777216, logicalSessionTimeoutMinutes=30, roundTripTimeNanos=4054500}
2024-11-19T11:16:13.630+01:00  INFO 7024 --- [trust-framework-administration-authority] [restartedMain] o.s.b.d.a.OptionalLiveReloadServer       : LiveReload server is running on port 35729
2024-11-19T11:16:13.758+01:00  INFO 7024 --- [trust-framework-administration-authority] [restartedMain] o.s.b.a.e.web.EndpointLinksResolver      : Exposing 14 endpoint(s) beneath base path '/actuator'
2024-11-19T11:16:13.775+01:00 DEBUG 7024 --- [trust-framework-administration-authority] [restartedMain] e.xfsc.train.tspa.config.SecurityConfig  : reached here
2024-11-19T11:16:13.783+01:00  INFO 7024 --- [trust-framework-administration-authority] [restartedMain] o.s.s.web.DefaultSecurityFilterChain     : Will secure any request with [org.springframework.security.web.session.DisableEncodeUrlFilter@1640c048, org.springframework.security.web.context.request.async.WebAsyncManagerIntegrationFilter@7c30094a, org.springframework.security.web.context.SecurityContextHolderFilter@8a40573, org.springframework.security.web.header.HeaderWriterFilter@72c11e25, org.springframework.web.filter.CorsFilter@5aff263c, org.springframework.security.web.authentication.logout.LogoutFilter@2ca86871, org.springframework.security.oauth2.server.resource.web.authentication.BearerTokenAuthenticationFilter@7944c4f1, org.springframework.security.web.savedrequest.RequestCacheAwareFilter@1c89d423, org.springframework.security.web.servletapi.SecurityContextHolderAwareRequestFilter@66c3d1a1, org.springframework.security.web.authentication.AnonymousAuthenticationFilter@5c302de, org.springframework.security.web.session.SessionManagementFilter@696169fe, org.springframework.security.web.access.ExceptionTranslationFilter@303481ad, org.springframework.security.web.access.intercept.AuthorizationFilter@6e411a9]
2024-11-19T11:16:13.929+01:00  INFO 7024 --- [trust-framework-administration-authority] [restartedMain] o.s.b.w.embedded.tomcat.TomcatWebServer  : Tomcat started on port 16003 (http) with context path ''
2024-11-19T11:16:13.934+01:00  INFO 7024 --- [trust-framework-administration-authority] [restartedMain] e.x.t.t.w.WellKnownConfiguration         : ---------------------------------- Well-Known VC is genrating ----------------------------
2024-11-19T11:16:13.940+01:00  INFO 7024 --- [trust-framework-administration-authority] [restartedMain] e.x.t.t.w.WellKnownConfiguration         : Issuer : did:web:essif.iao.fraunhofer.de
2024-11-19T11:16:13.941+01:00  INFO 7024 --- [trust-framework-administration-authority] [restartedMain] e.x.t.t.w.WellKnownConfiguration         : Credential subject ID : did:web:essif.iao.fraunhofer.de 
2024-11-19T11:16:13.942+01:00  INFO 7024 --- [trust-framework-administration-authority] [restartedMain] e.x.t.t.w.WellKnownConfiguration         : Credential subject Origin :https://essif.iao.fraunhofer.de
2024-11-19T11:16:13.942+01:00  INFO 7024 --- [trust-framework-administration-authority] [restartedMain] e.x.t.t.w.WellKnownConfiguration         : Issue Date of well-known : 2024-11-19T11:16:13+01:00
2024-11-19T11:16:13.944+01:00 DEBUG 7024 --- [trust-framework-administration-authority] [restartedMain] e.x.t.t.w.WellKnownConfiguration         : wkvmethod did:web:essif.iao.fraunhofer.de#owner
2024-11-19T11:16:13.966+01:00  INFO 7024 --- [trust-framework-administration-authority] [restartedMain] eu.xfsc.train.tspa.utils.VCUtil          : Creating / Overwriting file in '/tmp/train-tspa/well-known/' with 'did-configuration.json'
2024-11-19T11:16:13.968+01:00  INFO 7024 --- [trust-framework-administration-authority] [restartedMain] eu.xfsc.train.tspa.TspaApplication       : Started TspaApplication in 1.394 seconds (process running for 488.843)
2024-11-19T11:16:13.971+01:00  INFO 7024 --- [trust-framework-administration-authority] [restartedMain] .ConditionEvaluationDeltaLoggingListener : Condition evaluation unchanged
2024-11-19T11:16:18.470+01:00  INFO 7024 --- [trust-framework-administration-authority] [http-nio-16003-exec-2] o.a.c.c.C.[Tomcat].[localhost].[/]       : Initializing Spring DispatcherServlet 'dispatcherServlet'
2024-11-19T11:16:18.471+01:00  INFO 7024 --- [trust-framework-administration-authority] [http-nio-16003-exec-2] o.s.web.servlet.DispatcherServlet        : Initializing Servlet 'dispatcherServlet'
2024-11-19T11:16:18.473+01:00  INFO 7024 --- [trust-framework-administration-authority] [http-nio-16003-exec-2] o.s.web.servlet.DispatcherServlet        : Completed initialization in 2 ms
2024-11-19T11:16:18.483+01:00 DEBUG 7024 --- [trust-framework-administration-authority] [http-nio-16003-exec-2] e.x.t.t.c.TrustListPublicationController : --------------- GET SPECIFIC TSP ---------------
2024-11-19T11:16:18.484+01:00 DEBUG 7024 --- [trust-framework-administration-authority] [http-nio-16003-exec-2] e.x.t.t.c.TrustListPublicationController : Requested framework name: tf1, TSP ID: 1, version: null
2024-11-19T11:16:24.742+01:00 DEBUG 7024 --- [trust-framework-administration-authority] [http-nio-16003-exec-3] e.x.t.t.c.TrustListPublicationController : --------------- GET SPECIFIC TSP ---------------
2024-11-19T11:16:24.743+01:00 DEBUG 7024 --- [trust-framework-administration-authority] [http-nio-16003-exec-3] e.x.t.t.c.TrustListPublicationController : Requested framework name: tf1, TSP ID: 1, version: 1
2024-11-19T11:16:26.907+01:00 DEBUG 7024 --- [trust-framework-administration-authority] [http-nio-16003-exec-4] e.x.t.t.c.TrustListPublicationController : --------------- GET SPECIFIC TSP ---------------
2024-11-19T11:16:26.908+01:00 DEBUG 7024 --- [trust-framework-administration-authority] [http-nio-16003-exec-4] e.x.t.t.c.TrustListPublicationController : Requested framework name: tf1, TSP ID: 1, version: 2
2024-11-19T11:16:29.958+01:00 DEBUG 7024 --- [trust-framework-administration-authority] [http-nio-16003-exec-5] e.x.t.t.c.TrustListPublicationController : --------------- GET SPECIFIC TSP ---------------
2024-11-19T11:16:29.959+01:00 DEBUG 7024 --- [trust-framework-administration-authority] [http-nio-16003-exec-5] e.x.t.t.c.TrustListPublicationController : Requested framework name: tf1, TSP ID: 1, version: null
